
Starting QUAST test
/var/www/html/simba/app/bin/quast-3.1/quast.py -o quast_test_output -R /var/www/html/simba/app/bin/quast-3.1/test_data/reference.fasta.gz -O /var/www/html/simba/app/bin/quast-3.1/test_data/operons.gff -G /var/www/html/simba/app/bin/quast-3.1/test_data/genes.gff --gage  --gene-finding  --eukaryote  --glimmer  /var/www/html/simba/app/bin/quast-3.1/test_data/contigs_1.fasta /var/www/html/simba/app/bin/quast-3.1/test_data/contigs_2.fasta

Version 3.1, build 29.08.2015 16:09

System information:
  OS: Linux-2.6.18-308.el5-x86_64-with-redhat-5.9-Final (linux_64)
  Python version: 2.6.8
  CPUs number: 64

Started: 2015-09-08 15:23:26

Logging to /var/www/html/simba/app/bin/quast-3.1/quast_test_output/quast.log

NOTICE: Maximum number of threads is set to 16 (use --threads option to set it manually)

Reference:
  /var/www/html/simba/app/bin/quast-3.1/test_data/reference.fasta.gz ==> reference

Contigs:
  1  /var/www/html/simba/app/bin/quast-3.1/test_data/contigs_1.fasta ==> contigs_1
  2  /var/www/html/simba/app/bin/quast-3.1/test_data/contigs_2.fasta ==> contigs_2

WARNING: Can't draw plots: please install python-matplotlib.

2015-09-08 15:23:26
Running GAGE...
  1  contigs_1...
  2  contigs_2...
  1  Logging to files gage_contigs_1.stdout and gage_contigs_1.stderr...
  2  Logging to files gage_contigs_2.stdout and gage_contigs_2.stderr...
  1  sh libs/gage/getCorrectnessStats.sh quast_test_output/quast_corrected_input/reference.fasta \
     quast_test_output/quast_corrected_input/contigs_1.fasta quast_test_output/gage/tmp \
     500 > quast_test_output/gage/gage_contigs_1.stdout 2> quast_test_output/gage/gage_contigs_1.stderr
  2  sh libs/gage/getCorrectnessStats.sh quast_test_output/quast_corrected_input/reference.fasta \
     quast_test_output/quast_corrected_input/contigs_2.fasta quast_test_output/gage/tmp \
     500 > quast_test_output/gage/gage_contigs_2.stdout 2> quast_test_output/gage/gage_contigs_2.stderr
  1  Done.
  2  Done.
  Creating total report...
    saved to /var/www/html/simba/app/bin/quast-3.1/quast_test_output/gage_report.txt, gage_report.tsv, and gage_report.tex
  Transposed version of total report...
    saved to /var/www/html/simba/app/bin/quast-3.1/quast_test_output/gage_transposed_report.txt, gage_transposed_report.tsv, and gage_transposed_report.tex
Done.

2015-09-08 15:23:53
Running Basic statistics processor...
  Reference genome:
    reference.fasta, Reference length = 10000, Reference GC % = 52.07
  Contig files: 
    1  contigs_1
    2  contigs_2
  Calculating N50 and L50...
    1  contigs_1, N50 = 3980, L50 = 1, Total length = 6710, GC % = 51.28, # N's per 100 kbp =  0.00
    2  contigs_2, N50 = 3360, L50 = 1, Total length = 5460, GC % = 52.44, # N's per 100 kbp =  0.00
Done.

2015-09-08 15:23:53
Running Contig analyzer...
  1  contigs_1
  2  contigs_2
  1  Logging to files /var/www/html/simba/app/bin/quast-3.1/quast_test_output/contigs_reports/contigs_report_contigs_1.stdout and contigs_report_contigs_1.stderr...
  2  Logging to files /var/www/html/simba/app/bin/quast-3.1/quast_test_output/contigs_reports/contigs_report_contigs_2.stdout and contigs_report_contigs_2.stderr...
  1  Running Nucmer
  2  Running Nucmer
  1  Analysis is finished.
  2  Analysis is finished.
  Creating total report...
    saved to /var/www/html/simba/app/bin/quast-3.1/quast_test_output/contigs_reports/misassemblies_report.txt, misassemblies_report.tsv, and misassemblies_report.tex
  Transposed version of total report...
    saved to /var/www/html/simba/app/bin/quast-3.1/quast_test_output/contigs_reports/transposed_report_misassemblies.txt, transposed_report_misassemblies.tsv, and transposed_report_misassemblies.tex
  Creating total report...
    saved to /var/www/html/simba/app/bin/quast-3.1/quast_test_output/contigs_reports/unaligned_report.txt, unaligned_report.tsv, and unaligned_report.tex
Done.

2015-09-08 15:23:53
Running NA-NGA calculation...
  1  contigs_1, Largest alignment = 2030, NA50 = 1950, NGA50 = 1610, LA50 = 2, LGA50 = 3
  2  contigs_2, Largest alignment = 2100, NA50 = 1471, NGA50 = 700, LA50 = 2, LGA50 = 4
Done.

2015-09-08 15:23:53
Running Genome analyzer...
  Loaded 10 genes
  Loaded 2 operons
  1  contigs_1
  2  contigs_2
  2  Analysis is finished.
  1  Analysis is finished.
Done.

2015-09-08 15:23:53
Running GlimmerHMM...
Compiling GlimmerHMM...
  1  contigs_1
  2  contigs_2
  2    Genes = 6 unique, 6 total
  2    Predicted genes (GFF): /var/www/html/simba/app/bin/quast-3.1/quast_test_output/predicted_genes/contigs_2_glimmer_genes.gff
  1    Genes = 7 unique, 7 total
  1    Predicted genes (GFF): /var/www/html/simba/app/bin/quast-3.1/quast_test_output/predicted_genes/contigs_1_glimmer_genes.gff
Done.

2015-09-08 15:23:55
Drawing large plots...
This may take a while: press Ctrl-C to skip this step..
  1 of 1: Creating contig alignment plot...
Done

2015-09-08 15:23:55
RESULTS:
  Text versions of total report are saved to /var/www/html/simba/app/bin/quast-3.1/quast_test_output/report.txt, report.tsv, and report.tex
  Text versions of transposed total report are saved to /var/www/html/simba/app/bin/quast-3.1/quast_test_output/transposed_report.txt, transposed_report.tsv, and transposed_report.tex
  HTML version (interactive tables and plots) saved to /var/www/html/simba/app/bin/quast-3.1/quast_test_output/report.html
  Log saved to /var/www/html/simba/app/bin/quast-3.1/quast_test_output/quast.log

Finished: 2015-09-08 15:23:55
Elapsed time: 0:00:29.281432
NOTICEs: 1; WARNINGs: 1; non-fatal ERRORs: 0

Thank you for using QUAST!

TEST PASSED with WARNINGS!

Starting MetaQUAST test
